<?xml version="1.0" encoding="UTF-8"?>
<testsuite xmlns:xsi="http://www.w3.org/2001/XMLSchema-instance" xsi:noNamespaceSchemaLocation="https://maven.apache.org/surefire/maven-surefire-plugin/xsd/surefire-test-report.xsd" name="TestsPaginaPrincipal" time="5.544" tests="4" errors="1" skipped="0" failures="2">
  <properties>
[...]
</properties>
  <testcase name="test_find_owner_correcto" classname="TestsPaginaPrincipal" time="0.607">
    <failure message="expected: &lt;Gladiator&gt; but was: &lt;Leo&gt;" type="org.opentest4j.AssertionFailedError"><![CDATA[org.opentest4j.AssertionFailedError: expected: <Gladiator> but was: <Leo>
	at TestsPaginaPrincipal.test_find_owner_correcto(Tests.java:66)
]]></failure>
  </testcase>
  <testcase name="test_edit_pet" classname="TestsPaginaPrincipal" time="0.35">
    <failure message="expected: &lt;Gladiator&gt; but was: &lt;Knight&gt;" type="org.opentest4j.AssertionFailedError"><![CDATA[org.opentest4j.AssertionFailedError: expected: <Gladiator> but was: <Knight>
	at TestsPaginaPrincipal.test_edit_pet(Tests.java:156)
]]></failure>
  </testcase>
  <testcase name="test_new_pet" classname="TestsPaginaPrincipal" time="0.639">
    <error message="Index 0 out of bounds for length 0" type="java.lang.IndexOutOfBoundsException">java.lang.IndexOutOfBoundsException: Index 0 out of bounds for length 0
	at TestsPaginaPrincipal.test_new_pet(Tests.java:117)
</error>
  </testcase>
  <testcase name="test_find_owner_error" classname="TestsPaginaPrincipal" time="0.205"/>
</testsuite>